2026-05-27 00:56:51,809 - aqt.main - INFO - installer 139735623367552 aqtinstall(aqt) v3.3.0 on Python 3.12.13 [CPython GCC 13.3.0]
2026-05-27 00:56:52,122 - aqt.main - INFO - installer 140487114689408 aqtinstall(aqt) v3.3.0 on Python 3.12.13 [CPython GCC 13.3.0]
2026-05-27 00:56:52,616 - aqt.installer - INFO - installer 140487114689408 Resolved spec '6.8.*' to 6.8.3
2026-05-27 00:56:52,616 - aqt.helper - DEBUG - helper 140487114689408 Attempt to download checksum at https://download.qt.io/online/qtsdkrepository/linux_x64/desktop/qt6_683/qt6_683/Updates.xml.sha256
2026-05-27 00:56:53,602 - aqt.helper - DEBUG - helper 140487114689408 Attempt to download checksum at https://download.qt.io/online/qtsdkrepository/linux_x64/extensions/qtwebengine/683/x86_64/Updates.xml.sha256
2026-05-27 00:56:54,491 - aqt.archives - INFO - archives 140487114689408 Found extension qtwebengine
2026-05-27 00:56:54,491 - aqt.helper - DEBUG - helper 140487114689408 Attempt to download checksum at https://download.qt.io/online/qtsdkrepository/linux_x64/extensions/qtpdf/683/x86_64/Updates.xml.sha256
2026-05-27 00:56:55,475 - aqt.archives - INFO - archives 140487114689408 Found extension qtpdf
2026-05-27 00:56:55,963 - aqt.helper - DEBUG - helper 140640926509952 Attempt to download checksum at https://download.qt.io/online/qtsdkrepository/linux_x64/desktop/qt6_683/qt6_683/qt.qt6.683.linux_gcc_64/6.8.3-0-202503201345qtbase-Linux-RHEL_8_10-GCC-Linux-RHEL_8_10-X86_64.7z.sha256
2026-05-27 00:56:55,966 - aqt.helper - DEBUG - helper 139927848078208 Attempt to download checksum at https://download.qt.io/online/qtsdkrepository/linux_x64/desktop/qt6_683/qt6_683/qt.qt6.683.linux_gcc_64/6.8.3-0-202503201345qtsvg-Linux-RHEL_8_10-GCC-Linux-RHEL_8_10-X86_64.7z.sha256
2026-05-27 00:56:55,985 - aqt.helper - DEBUG - helper 140063408270208 Attempt to download checksum at https://download.qt.io/online/qtsdkrepository/linux_x64/desktop/qt6_683/qt6_683/qt.qt6.683.linux_gcc_64/6.8.3-0-202503201345qtdeclarative-Linux-RHEL_8_10-GCC-Linux-RHEL_8_10-X86_64.7z.sha256
2026-05-27 00:56:55,986 - aqt.helper - DEBUG - helper 140079264623488 Attempt to download checksum at https://download.qt.io/online/qtsdkrepository/linux_x64/desktop/qt6_683/qt6_683/qt.qt6.683.linux_gcc_64/6.8.3-0-202503201345qttools-Linux-RHEL_8_10-GCC-Linux-RHEL_8_10-X86_64.7z.sha256
2026-05-27 00:56:56,394 - aqt.helper - INFO - helper 139927848078208 Downloading qtsvg...
2026-05-27 00:56:56,394 - aqt.helper - INFO - helper 140640926509952 Downloading qtbase...
2026-05-27 00:56:56,394 - aqt.installer - DEBUG - installer 139927848078208 Download URL: https://download.qt.io/online/qtsdkrepository/linux_x64/desktop/qt6_683/qt6_683/qt.qt6.683.linux_gcc_64/6.8.3-0-202503201345qtsvg-Linux-RHEL_8_10-GCC-Linux-RHEL_8_10-X86_64.7z
2026-05-27 00:56:56,394 - aqt.installer - DEBUG - installer 140640926509952 Download URL: https://download.qt.io/online/qtsdkrepository/linux_x64/desktop/qt6_683/qt6_683/qt.qt6.683.linux_gcc_64/6.8.3-0-202503201345qtbase-Linux-RHEL_8_10-GCC-Linux-RHEL_8_10-X86_64.7z
2026-05-27 00:56:56,408 - aqt.helper - INFO - helper 140063408270208 Downloading qtdeclarative...
2026-05-27 00:56:56,409 - aqt.installer - DEBUG - installer 140063408270208 Download URL: https://download.qt.io/online/qtsdkrepository/linux_x64/desktop/qt6_683/qt6_683/qt.qt6.683.linux_gcc_64/6.8.3-0-202503201345qtdeclarative-Linux-RHEL_8_10-GCC-Linux-RHEL_8_10-X86_64.7z
2026-05-27 00:56:56,410 - aqt.helper - INFO - helper 140079264623488 Downloading qttools...
2026-05-27 00:56:56,410 - aqt.installer - DEBUG - installer 140079264623488 Download URL: https://download.qt.io/online/qtsdkrepository/linux_x64/desktop/qt6_683/qt6_683/qt.qt6.683.linux_gcc_64/6.8.3-0-202503201345qttools-Linux-RHEL_8_10-GCC-Linux-RHEL_8_10-X86_64.7z
2026-05-27 00:56:56,855 - aqt.helper - DEBUG - helper 139927848078208 Asked to redirect(302) to: https://qt.mirror.constant.com/online/qtsdkrepository/linux_x64/desktop/qt6_683/qt6_683/qt.qt6.683.linux_gcc_64/6.8.3-0-202503201345qtsvg-Linux-RHEL_8_10-GCC-Linux-RHEL_8_10-X86_64.7z
2026-05-27 00:56:56,856 - aqt.helper - INFO - helper 139927848078208 Redirected: qt.mirror.constant.com
2026-05-27 00:56:56,863 - aqt.helper - DEBUG - helper 140079264623488 Asked to redirect(302) to: https://qt.mirror.constant.com/online/qtsdkrepository/linux_x64/desktop/qt6_683/qt6_683/qt.qt6.683.linux_gcc_64/6.8.3-0-202503201345qttools-Linux-RHEL_8_10-GCC-Linux-RHEL_8_10-X86_64.7z
2026-05-27 00:56:56,863 - aqt.helper - DEBUG - helper 140640926509952 Asked to redirect(302) to: https://qt.mirror.constant.com/online/qtsdkrepository/linux_x64/desktop/qt6_683/qt6_683/qt.qt6.683.linux_gcc_64/6.8.3-0-202503201345qtbase-Linux-RHEL_8_10-GCC-Linux-RHEL_8_10-X86_64.7z
2026-05-27 00:56:56,863 - aqt.helper - INFO - helper 140079264623488 Redirected: qt.mirror.constant.com
2026-05-27 00:56:56,864 - aqt.helper - INFO - helper 140640926509952 Redirected: qt.mirror.constant.com
2026-05-27 00:56:56,884 - aqt.helper - DEBUG - helper 140063408270208 Asked to redirect(302) to: https://qt.mirror.constant.com/online/qtsdkrepository/linux_x64/desktop/qt6_683/qt6_683/qt.qt6.683.linux_gcc_64/6.8.3-0-202503201345qtdeclarative-Linux-RHEL_8_10-GCC-Linux-RHEL_8_10-X86_64.7z
2026-05-27 00:56:56,884 - aqt.helper - INFO - helper 140063408270208 Redirected: qt.mirror.constant.com
2026-05-27 00:56:57,016 - aqt.installer - INFO - installer 139927848078208 Finished installation of qtsvg-Linux-RHEL_8_10-GCC-Linux-RHEL_8_10-X86_64.7z in 1.05289125
2026-05-27 00:56:57,040 - aqt.helper - DEBUG - helper 139927848078208 Attempt to download checksum at https://download.qt.io/online/qtsdkrepository/linux_x64/desktop/qt6_683/qt6_683/qt.qt6.683.linux_gcc_64/6.8.3-0-202503201345qttranslations-Linux-RHEL_8_10-GCC-Linux-RHEL_8_10-X86_64.7z.sha256
2026-05-27 00:56:57,558 - aqt.helper - INFO - helper 139927848078208 Downloading qttranslations...
2026-05-27 00:56:57,559 - aqt.installer - DEBUG - installer 139927848078208 Download URL: https://download.qt.io/online/qtsdkrepository/linux_x64/desktop/qt6_683/qt6_683/qt.qt6.683.linux_gcc_64/6.8.3-0-202503201345qttranslations-Linux-RHEL_8_10-GCC-Linux-RHEL_8_10-X86_64.7z
2026-05-27 00:56:57,992 - aqt.helper - DEBUG - helper 139927848078208 Asked to redirect(302) to: https://qt.mirror.constant.com/online/qtsdkrepository/linux_x64/desktop/qt6_683/qt6_683/qt.qt6.683.linux_gcc_64/6.8.3-0-202503201345qttranslations-Linux-RHEL_8_10-GCC-Linux-RHEL_8_10-X86_64.7z
2026-05-27 00:56:57,992 - aqt.helper - INFO - helper 139927848078208 Redirected: qt.mirror.constant.com
2026-05-27 00:56:58,432 - aqt.installer - INFO - installer 139927848078208 Finished installation of qttranslations-Linux-RHEL_8_10-GCC-Linux-RHEL_8_10-X86_64.7z in 1.39502229
2026-05-27 00:56:58,454 - aqt.helper - DEBUG - helper 139927848078208 Attempt to download checksum at https://download.qt.io/online/qtsdkrepository/linux_x64/desktop/qt6_683/qt6_683/qt.qt6.683.linux_gcc_64/6.8.3-0-202503201345qtwayland-Linux-RHEL_8_10-GCC-Linux-RHEL_8_10-X86_64.7z.sha256
2026-05-27 00:56:58,959 - aqt.helper - INFO - helper 139927848078208 Downloading qtwayland...
2026-05-27 00:56:58,960 - aqt.installer - DEBUG - installer 139927848078208 Download URL: https://download.qt.io/online/qtsdkrepository/linux_x64/desktop/qt6_683/qt6_683/qt.qt6.683.linux_gcc_64/6.8.3-0-202503201345qtwayland-Linux-RHEL_8_10-GCC-Linux-RHEL_8_10-X86_64.7z
2026-05-27 00:56:59,403 - aqt.helper - DEBUG - helper 139927848078208 Asked to redirect(302) to: https://qt.mirror.constant.com/online/qtsdkrepository/linux_x64/desktop/qt6_683/qt6_683/qt.qt6.683.linux_gcc_64/6.8.3-0-202503201345qtwayland-Linux-RHEL_8_10-GCC-Linux-RHEL_8_10-X86_64.7z
2026-05-27 00:56:59,403 - aqt.helper - INFO - helper 139927848078208 Redirected: qt.mirror.constant.com
2026-05-27 00:56:59,709 - aqt.installer - INFO - installer 139927848078208 Finished installation of qtwayland-Linux-RHEL_8_10-GCC-Linux-RHEL_8_10-X86_64.7z in 1.25707223
2026-05-27 00:56:59,729 - aqt.helper - DEBUG - helper 139927848078208 Attempt to download checksum at https://download.qt.io/online/qtsdkrepository/linux_x64/desktop/qt6_683/qt6_683/qt.qt6.683.linux_gcc_64/6.8.3-0-202503201345icu-linux-Rhel8.6-x86_64.7z.sha256
2026-05-27 00:57:00,193 - aqt.helper - INFO - helper 139927848078208 Downloading icu...
2026-05-27 00:57:00,194 - aqt.installer - DEBUG - installer 139927848078208 Download URL: https://download.qt.io/online/qtsdkrepository/linux_x64/desktop/qt6_683/qt6_683/qt.qt6.683.linux_gcc_64/6.8.3-0-202503201345icu-linux-Rhel8.6-x86_64.7z
2026-05-27 00:57:00,635 - aqt.helper - DEBUG - helper 139927848078208 Asked to redirect(302) to: https://qt.mirror.constant.com/online/qtsdkrepository/linux_x64/desktop/qt6_683/qt6_683/qt.qt6.683.linux_gcc_64/6.8.3-0-202503201345icu-linux-Rhel8.6-x86_64.7z
2026-05-27 00:57:00,635 - aqt.helper - INFO - helper 139927848078208 Redirected: qt.mirror.constant.com
2026-05-27 00:57:00,788 - aqt.installer - INFO - installer 140079264623488 Finished installation of qttools-Linux-RHEL_8_10-GCC-Linux-RHEL_8_10-X86_64.7z in 4.80355154
2026-05-27 00:57:01,056 - aqt.installer - INFO - installer 140640926509952 Finished installation of qtbase-Linux-RHEL_8_10-GCC-Linux-RHEL_8_10-X86_64.7z in 5.09551916
2026-05-27 00:57:01,530 - aqt.installer - INFO - installer 139927848078208 Finished installation of icu-linux-Rhel8.6-x86_64.7z in 1.80347048
2026-05-27 00:57:08,402 - aqt.installer - INFO - installer 140063408270208 Finished installation of qtdeclarative-Linux-RHEL_8_10-GCC-Linux-RHEL_8_10-X86_64.7z in 12.41904659
2026-05-27 00:57:08,590 - aqt.updater - INFO - updater 140487114689408 Patching /home/runner/work/game-shell/Qt/6.8.3/gcc_64/bin/qmake
2026-05-27 00:57:08,595 - aqt.updater - INFO - updater 140487114689408 Patching /home/runner/work/game-shell/Qt/6.8.3/gcc_64/lib/pkgconfig/Qt6Svg.pc
2026-05-27 00:57:08,595 - aqt.updater - INFO - updater 140487114689408 Patching /home/runner/work/game-shell/Qt/6.8.3/gcc_64/lib/pkgconfig/Qt6QuickLayouts.pc
2026-05-27 00:57:08,595 - aqt.updater - INFO - updater 140487114689408 Patching /home/runner/work/game-shell/Qt/6.8.3/gcc_64/lib/pkgconfig/Qt6QuickWidgets.pc
2026-05-27 00:57:08,596 - aqt.updater - INFO - updater 140487114689408 Patching /home/runner/work/game-shell/Qt/6.8.3/gcc_64/lib/pkgconfig/Qt6Linguist.pc
2026-05-27 00:57:08,596 - aqt.updater - INFO - updater 140487114689408 Patching /home/runner/work/game-shell/Qt/6.8.3/gcc_64/lib/pkgconfig/Qt6Qml.pc
2026-05-27 00:57:08,596 - aqt.updater - INFO - updater 140487114689408 Patching /home/runner/work/game-shell/Qt/6.8.3/gcc_64/lib/pkgconfig/Qt6LabsQmlModels.pc
2026-05-27 00:57:08,596 - aqt.updater - INFO - updater 140487114689408 Patching /home/runner/work/game-shell/Qt/6.8.3/gcc_64/lib/pkgconfig/Qt6Network.pc
2026-05-27 00:57:08,597 - aqt.updater - INFO - updater 140487114689408 Patching /home/runner/work/game-shell/Qt/6.8.3/gcc_64/lib/pkgconfig/Qt6PrintSupport.pc
2026-05-27 00:57:08,597 - aqt.updater - INFO - updater 140487114689408 Patching /home/runner/work/game-shell/Qt/6.8.3/gcc_64/lib/pkgconfig/Qt6OpenGL.pc
2026-05-27 00:57:08,597 - aqt.updater - INFO - updater 140487114689408 Patching /home/runner/work/game-shell/Qt/6.8.3/gcc_64/lib/pkgconfig/Qt6Help.pc
2026-05-27 00:57:08,597 - aqt.updater - INFO - updater 140487114689408 Patching /home/runner/work/game-shell/Qt/6.8.3/gcc_64/lib/pkgconfig/Qt6LabsSharedImage.pc
2026-05-27 00:57:08,597 - aqt.updater - INFO - updater 140487114689408 Patching /home/runner/work/game-shell/Qt/6.8.3/gcc_64/lib/pkgconfig/Qt6QmlCompiler.pc
2026-05-27 00:57:08,598 - aqt.updater - INFO - updater 140487114689408 Patching /home/runner/work/game-shell/Qt/6.8.3/gcc_64/lib/pkgconfig/Qt6QuickControls2UniversalStyleImpl.pc
2026-05-27 00:57:08,598 - aqt.updater - INFO - updater 140487114689408 Patching /home/runner/work/game-shell/Qt/6.8.3/gcc_64/lib/pkgconfig/Qt6LabsFolderListModel.pc
2026-05-27 00:57:08,598 - aqt.updater - INFO - updater 140487114689408 Patching /home/runner/work/game-shell/Qt/6.8.3/gcc_64/lib/pkgconfig/Qt6QmlIntegration.pc
2026-05-27 00:57:08,598 - aqt.updater - INFO - updater 140487114689408 Patching /home/runner/work/game-shell/Qt/6.8.3/gcc_64/lib/pkgconfig/Qt6Quick.pc
2026-05-27 00:57:08,598 - aqt.updater - INFO - updater 140487114689408 Patching /home/runner/work/game-shell/Qt/6.8.3/gcc_64/lib/pkgconfig/Qt6QuickControls2FluentWinUI3StyleImpl.pc
2026-05-27 00:57:08,599 - aqt.updater - INFO - updater 140487114689408 Patching /home/runner/work/game-shell/Qt/6.8.3/gcc_64/lib/pkgconfig/Qt6UiPlugin.pc
2026-05-27 00:57:08,599 - aqt.updater - INFO - updater 140487114689408 Patching /home/runner/work/game-shell/Qt/6.8.3/gcc_64/lib/pkgconfig/Qt6QmlNetwork.pc
2026-05-27 00:57:08,599 - aqt.updater - INFO - updater 140487114689408 Patching /home/runner/work/game-shell/Qt/6.8.3/gcc_64/lib/pkgconfig/Qt6QuickControls2MaterialStyleImpl.pc
2026-05-27 00:57:08,599 - aqt.updater - INFO - updater 140487114689408 Patching /home/runner/work/game-shell/Qt/6.8.3/gcc_64/lib/pkgconfig/Qt6Concurrent.pc
2026-05-27 00:57:08,600 - aqt.updater - INFO - updater 140487114689408 Patching /home/runner/work/game-shell/Qt/6.8.3/gcc_64/lib/pkgconfig/Qt6QmlModels.pc
2026-05-27 00:57:08,600 - aqt.updater - INFO - updater 140487114689408 Patching /home/runner/work/game-shell/Qt/6.8.3/gcc_64/lib/pkgconfig/Qt6Platform.pc
2026-05-27 00:57:08,600 - aqt.updater - INFO - updater 140487114689408 Patching /home/runner/work/game-shell/Qt/6.8.3/gcc_64/lib/pkgconfig/Qt6QuickDialogs2Utils.pc
2026-05-27 00:57:08,600 - aqt.updater - INFO - updater 140487114689408 Patching /home/runner/work/game-shell/Qt/6.8.3/gcc_64/lib/pkgconfig/Qt6OpenGLWidgets.pc
2026-05-27 00:57:08,600 - aqt.updater - INFO - updater 140487114689408 Patching /home/runner/work/game-shell/Qt/6.8.3/gcc_64/lib/pkgconfig/Qt6DBus.pc
2026-05-27 00:57:08,601 - aqt.updater - INFO - updater 140487114689408 Patching /home/runner/work/game-shell/Qt/6.8.3/gcc_64/lib/pkgconfig/Qt6QuickControls2BasicStyleImpl.pc
2026-05-27 00:57:08,601 - aqt.updater - INFO - updater 140487114689408 Patching /home/runner/work/game-shell/Qt/6.8.3/gcc_64/lib/pkgconfig/Qt6Xml.pc
2026-05-27 00:57:08,601 - aqt.updater - INFO - updater 140487114689408 Patching /home/runner/work/game-shell/Qt/6.8.3/gcc_64/lib/pkgconfig/Qt6Gui.pc
2026-05-27 00:57:08,601 - aqt.updater - INFO - updater 140487114689408 Patching /home/runner/work/game-shell/Qt/6.8.3/gcc_64/lib/pkgconfig/Qt6QuickControls2Imagine.pc
2026-05-27 00:57:08,601 - aqt.updater - INFO - updater 140487114689408 Patching /home/runner/work/game-shell/Qt/6.8.3/gcc_64/lib/pkgconfig/Qt6QuickControls2Impl.pc
2026-05-27 00:57:08,602 - aqt.updater - INFO - updater 140487114689408 Patching /home/runner/work/game-shell/Qt/6.8.3/gcc_64/lib/pkgconfig/Qt6QuickControls2Universal.pc
2026-05-27 00:57:08,602 - aqt.updater - INFO - updater 140487114689408 Patching /home/runner/work/game-shell/Qt/6.8.3/gcc_64/lib/pkgconfig/Qt6QuickControls2Fusion.pc
2026-05-27 00:57:08,602 - aqt.updater - INFO - updater 140487114689408 Patching /home/runner/work/game-shell/Qt/6.8.3/gcc_64/lib/pkgconfig/Qt6QuickDialogs2.pc
2026-05-27 00:57:08,602 - aqt.updater - INFO - updater 140487114689408 Patching /home/runner/work/game-shell/Qt/6.8.3/gcc_64/lib/pkgconfig/Qt6Test.pc
2026-05-27 00:57:08,603 - aqt.updater - INFO - updater 140487114689408 Patching /home/runner/work/game-shell/Qt/6.8.3/gcc_64/lib/pkgconfig/Qt6Sql.pc
2026-05-27 00:57:08,603 - aqt.updater - INFO - updater 140487114689408 Patching /home/runner/work/game-shell/Qt/6.8.3/gcc_64/lib/pkgconfig/Qt6QuickControls2FusionStyleImpl.pc
2026-05-27 00:57:08,603 - aqt.updater - INFO - updater 140487114689408 Patching /home/runner/work/game-shell/Qt/6.8.3/gcc_64/lib/pkgconfig/Qt6SvgWidgets.pc
2026-05-27 00:57:08,603 - aqt.updater - INFO - updater 140487114689408 Patching /home/runner/work/game-shell/Qt/6.8.3/gcc_64/lib/pkgconfig/Qt6QuickVectorImage.pc
2026-05-27 00:57:08,603 - aqt.updater - INFO - updater 140487114689408 Patching /home/runner/work/game-shell/Qt/6.8.3/gcc_64/lib/pkgconfig/Qt6LabsSettings.pc
2026-05-27 00:57:08,604 - aqt.updater - INFO - updater 140487114689408 Patching /home/runner/work/game-shell/Qt/6.8.3/gcc_64/lib/pkgconfig/Qt6LabsPlatform.pc
2026-05-27 00:57:08,604 - aqt.updater - INFO - updater 140487114689408 Patching /home/runner/work/game-shell/Qt/6.8.3/gcc_64/lib/pkgconfig/Qt6Core.pc
2026-05-27 00:57:08,604 - aqt.updater - INFO - updater 140487114689408 Patching /home/runner/work/game-shell/Qt/6.8.3/gcc_64/lib/pkgconfig/Qt6QmlLocalStorage.pc
2026-05-27 00:57:08,683 - aqt.updater - INFO - updater 140487114689408 Patching /home/runner/work/game-shell/Qt/6.8.3/gcc_64/lib/pkgconfig/Qt6QuickTest.pc
2026-05-27 00:57:08,683 - aqt.updater - INFO - updater 140487114689408 Patching /home/runner/work/game-shell/Qt/6.8.3/gcc_64/lib/pkgconfig/Qt6QuickDialogs2QuickImpl.pc
2026-05-27 00:57:08,684 - aqt.updater - INFO - updater 140487114689408 Patching /home/runner/work/game-shell/Qt/6.8.3/gcc_64/lib/pkgconfig/Qt6QmlXmlListModel.pc
2026-05-27 00:57:08,684 - aqt.updater - INFO - updater 140487114689408 Patching /home/runner/work/game-shell/Qt/6.8.3/gcc_64/lib/pkgconfig/Qt6UiTools.pc
2026-05-27 00:57:08,684 - aqt.updater - INFO - updater 140487114689408 Patching /home/runner/work/game-shell/Qt/6.8.3/gcc_64/lib/pkgconfig/Qt6Designer.pc
2026-05-27 00:57:08,684 - aqt.updater - INFO - updater 140487114689408 Patching /home/runner/work/game-shell/Qt/6.8.3/gcc_64/lib/pkgconfig/Qt6QuickControls2ImagineStyleImpl.pc
2026-05-27 00:57:08,685 - aqt.updater - INFO - updater 140487114689408 Patching /home/runner/work/game-shell/Qt/6.8.3/gcc_64/lib/pkgconfig/Qt6QmlMeta.pc
2026-05-27 00:57:08,685 - aqt.updater - INFO - updater 140487114689408 Patching /home/runner/work/game-shell/Qt/6.8.3/gcc_64/lib/pkgconfig/Qt6Widgets.pc
2026-05-27 00:57:08,685 - aqt.updater - INFO - updater 140487114689408 Patching /home/runner/work/game-shell/Qt/6.8.3/gcc_64/lib/pkgconfig/Qt6QuickControls2Material.pc
2026-05-27 00:57:08,685 - aqt.updater - INFO - updater 140487114689408 Patching /home/runner/work/game-shell/Qt/6.8.3/gcc_64/lib/pkgconfig/Qt6QuickTemplates2.pc
2026-05-27 00:57:08,685 - aqt.updater - INFO - updater 140487114689408 Patching /home/runner/work/game-shell/Qt/6.8.3/gcc_64/lib/pkgconfig/Qt6LabsWavefrontMesh.pc
2026-05-27 00:57:08,685 - aqt.updater - INFO - updater 140487114689408 Patching /home/runner/work/game-shell/Qt/6.8.3/gcc_64/lib/pkgconfig/Qt6QuickControls2Basic.pc
2026-05-27 00:57:08,686 - aqt.updater - INFO - updater 140487114689408 Patching /home/runner/work/game-shell/Qt/6.8.3/gcc_64/lib/pkgconfig/Qt6QmlCore.pc
2026-05-27 00:57:08,686 - aqt.updater - INFO - updater 140487114689408 Patching /home/runner/work/game-shell/Qt/6.8.3/gcc_64/lib/pkgconfig/Qt6WaylandClient.pc
2026-05-27 00:57:08,686 - aqt.updater - INFO - updater 140487114689408 Patching /home/runner/work/game-shell/Qt/6.8.3/gcc_64/lib/pkgconfig/Qt6LabsAnimation.pc
2026-05-27 00:57:08,686 - aqt.updater - INFO - updater 140487114689408 Patching /home/runner/work/game-shell/Qt/6.8.3/gcc_64/lib/pkgconfig/Qt6QmlAssetDownloader.pc
2026-05-27 00:57:08,686 - aqt.updater - INFO - updater 140487114689408 Patching /home/runner/work/game-shell/Qt/6.8.3/gcc_64/lib/pkgconfig/Qt6QuickControls2.pc
2026-05-27 00:57:08,687 - aqt.updater - INFO - updater 140487114689408 Patching /home/runner/work/game-shell/Qt/6.8.3/gcc_64/lib/pkgconfig/Qt6QmlWorkerScript.pc
2026-05-27 00:57:08,688 - aqt.updater - INFO - updater 140487114689408 Patching /home/runner/work/game-shell/Qt/6.8.3/gcc_64/lib/libQt6OpenGL.prl
2026-05-27 00:57:08,688 - aqt.updater - INFO - updater 140487114689408 Patching /home/runner/work/game-shell/Qt/6.8.3/gcc_64/lib/libQt6QuickVectorImageGenerator.prl
2026-05-27 00:57:08,688 - aqt.updater - INFO - updater 140487114689408 Patching /home/runner/work/game-shell/Qt/6.8.3/gcc_64/lib/libQt6KmsSupport.prl
2026-05-27 00:57:08,689 - aqt.updater - INFO - updater 140487114689408 Patching /home/runner/work/game-shell/Qt/6.8.3/gcc_64/lib/libQt6QmlAssetDownloader.prl
2026-05-27 00:57:08,689 - aqt.updater - INFO - updater 140487114689408 Patching /home/runner/work/game-shell/Qt/6.8.3/gcc_64/lib/libQt6Xml.prl
2026-05-27 00:57:08,689 - aqt.updater - INFO - updater 140487114689408 Patching /home/runner/work/game-shell/Qt/6.8.3/gcc_64/lib/libQt6DesignerComponents.prl
2026-05-27 00:57:08,689 - aqt.updater - INFO - updater 140487114689408 Patching /home/runner/work/game-shell/Qt/6.8.3/gcc_64/lib/libQt6SvgWidgets.prl
2026-05-27 00:57:08,689 - aqt.updater - INFO - updater 140487114689408 Patching /home/runner/work/game-shell/Qt/6.8.3/gcc_64/lib/libQt6QuickParticles.prl
2026-05-27 00:57:08,690 - aqt.updater - INFO - updater 140487114689408 Patching /home/runner/work/game-shell/Qt/6.8.3/gcc_64/lib/libQt6QmlDebug.prl
2026-05-27 00:57:08,690 - aqt.updater - INFO - updater 140487114689408 Patching /home/runner/work/game-shell/Qt/6.8.3/gcc_64/lib/libQt6QmlDom.prl
2026-05-27 00:57:08,690 - aqt.updater - INFO - updater 140487114689408 Patching /home/runner/work/game-shell/Qt/6.8.3/gcc_64/lib/libQt6QuickControls2Imagine.prl
2026-05-27 00:57:08,690 - aqt.updater - INFO - updater 140487114689408 Patching /home/runner/work/game-shell/Qt/6.8.3/gcc_64/lib/libQt6WaylandEglClientHwIntegration.prl
2026-05-27 00:57:08,691 - aqt.updater - INFO - updater 140487114689408 Patching /home/runner/work/game-shell/Qt/6.8.3/gcc_64/lib/libQt6Designer.prl
2026-05-27 00:57:08,691 - aqt.updater - INFO - updater 140487114689408 Patching /home/runner/work/game-shell/Qt/6.8.3/gcc_64/lib/libQt6PrintSupport.prl
2026-05-27 00:57:08,691 - aqt.updater - INFO - updater 140487114689408 Patching /home/runner/work/game-shell/Qt/6.8.3/gcc_64/lib/libQt6QuickVectorImage.prl
2026-05-27 00:57:08,691 - aqt.updater - INFO - updater 140487114689408 Patching /home/runner/work/game-shell/Qt/6.8.3/gcc_64/lib/libQt6ExampleIcons.prl
2026-05-27 00:57:08,691 - aqt.updater - INFO - updater 140487114689408 Patching /home/runner/work/game-shell/Qt/6.8.3/gcc_64/lib/libQt6QuickWidgets.prl
2026-05-27 00:57:08,692 - aqt.updater - INFO - updater 140487114689408 Patching /home/runner/work/game-shell/Qt/6.8.3/gcc_64/lib/libQt6QuickDialogs2QuickImpl.prl
2026-05-27 00:57:08,692 - aqt.updater - INFO - updater 140487114689408 Patching /home/runner/work/game-shell/Qt/6.8.3/gcc_64/lib/libQt6FbSupport.prl
2026-05-27 00:57:08,692 - aqt.updater - INFO - updater 140487114689408 Patching /home/runner/work/game-shell/Qt/6.8.3/gcc_64/lib/libQt6QuickDialogs2.prl
2026-05-27 00:57:08,692 - aqt.updater - INFO - updater 140487114689408 Patching /home/runner/work/game-shell/Qt/6.8.3/gcc_64/lib/libQt6OpenGLWidgets.prl
2026-05-27 00:57:08,693 - aqt.updater - INFO - updater 140487114689408 Patching /home/runner/work/game-shell/Qt/6.8.3/gcc_64/lib/libQt6QmlModels.prl
2026-05-27 00:57:08,693 - aqt.updater - INFO - updater 140487114689408 Patching /home/runner/work/game-shell/Qt/6.8.3/gcc_64/lib/libQt6QuickEffects.prl
2026-05-27 00:57:08,693 - aqt.updater - INFO - updater 140487114689408 Patching /home/runner/work/game-shell/Qt/6.8.3/gcc_64/lib/libQt6InputSupport.prl
2026-05-27 00:57:08,693 - aqt.updater - INFO - updater 140487114689408 Patching /home/runner/work/game-shell/Qt/6.8.3/gcc_64/lib/libQt6QuickControls2BasicStyleImpl.prl
2026-05-27 00:57:08,694 - aqt.updater - INFO - updater 140487114689408 Patching /home/runner/work/game-shell/Qt/6.8.3/gcc_64/lib/libQt6Concurrent.prl
2026-05-27 00:57:08,694 - aqt.updater - INFO - updater 140487114689408 Patching /home/runner/work/game-shell/Qt/6.8.3/gcc_64/lib/libQt6QuickShapes.prl
2026-05-27 00:57:08,694 - aqt.updater - INFO - updater 140487114689408 Patching /home/runner/work/game-shell/Qt/6.8.3/gcc_64/lib/libQt6QuickTestUtils.prl
2026-05-27 00:57:08,694 - aqt.updater - INFO - updater 140487114689408 Patching /home/runner/work/game-shell/Qt/6.8.3/gcc_64/lib/libQt6Qml.prl
2026-05-27 00:57:08,694 - aqt.updater - INFO - updater 140487114689408 Patching /home/runner/work/game-shell/Qt/6.8.3/gcc_64/lib/libQt6Gui.prl
2026-05-27 00:57:08,695 - aqt.updater - INFO - updater 140487114689408 Patching /home/runner/work/game-shell/Qt/6.8.3/gcc_64/lib/libQt6Quick.prl
2026-05-27 00:57:08,695 - aqt.updater - INFO - updater 140487114689408 Patching /home/runner/work/game-shell/Qt/6.8.3/gcc_64/lib/libQt6QmlTypeRegistrar.prl
2026-05-27 00:57:08,695 - aqt.updater - INFO - updater 140487114689408 Patching /home/runner/work/game-shell/Qt/6.8.3/gcc_64/lib/libQt6QuickControls2Impl.prl
2026-05-27 00:57:08,695 - aqt.updater - INFO - updater 140487114689408 Patching /home/runner/work/game-shell/Qt/6.8.3/gcc_64/lib/libQt6QuickTest.prl
2026-05-27 00:57:08,695 - aqt.updater - INFO - updater 140487114689408 Patching /home/runner/work/game-shell/Qt/6.8.3/gcc_64/lib/libQt6QuickControls2UniversalStyleImpl.prl
2026-05-27 00:57:08,696 - aqt.updater - INFO - updater 140487114689408 Patching /home/runner/work/game-shell/Qt/6.8.3/gcc_64/lib/libQt6QuickControls2Basic.prl
2026-05-27 00:57:08,696 - aqt.updater - INFO - updater 140487114689408 Patching /home/runner/work/game-shell/Qt/6.8.3/gcc_64/lib/libQt6QuickControls2Fusion.prl
2026-05-27 00:57:08,696 - aqt.updater - INFO - updater 140487114689408 Patching /home/runner/work/game-shell/Qt/6.8.3/gcc_64/lib/libQt6QuickControls2ImagineStyleImpl.prl
2026-05-27 00:57:08,696 - aqt.updater - INFO - updater 140487114689408 Patching /home/runner/work/game-shell/Qt/6.8.3/gcc_64/lib/libQt6QuickControls2MaterialStyleImpl.prl
2026-05-27 00:57:08,697 - aqt.updater - INFO - updater 140487114689408 Patching /home/runner/work/game-shell/Qt/6.8.3/gcc_64/lib/libQt6QmlLS.prl
2026-05-27 00:57:08,697 - aqt.updater - INFO - updater 140487114689408 Patching /home/runner/work/game-shell/Qt/6.8.3/gcc_64/lib/libQt6Core.prl
2026-05-27 00:57:08,697 - aqt.updater - INFO - updater 140487114689408 Patching /home/runner/work/game-shell/Qt/6.8.3/gcc_64/lib/libQt6UiTools.prl
2026-05-27 00:57:08,697 - aqt.updater - INFO - updater 140487114689408 Patching /home/runner/work/game-shell/Qt/6.8.3/gcc_64/lib/libQt6QuickLayouts.prl
2026-05-27 00:57:08,697 - aqt.updater - INFO - updater 140487114689408 Patching /home/runner/work/game-shell/Qt/6.8.3/gcc_64/lib/libQt6DBus.prl
2026-05-27 00:57:08,698 - aqt.updater - INFO - updater 140487114689408 Patching /home/runner/work/game-shell/Qt/6.8.3/gcc_64/lib/libQt6LabsQmlModels.prl
2026-05-27 00:57:08,698 - aqt.updater - INFO - updater 140487114689408 Patching /home/runner/work/game-shell/Qt/6.8.3/gcc_64/lib/libQt6QuickControls2FusionStyleImpl.prl
2026-05-27 00:57:08,698 - aqt.updater - INFO - updater 140487114689408 Patching /home/runner/work/game-shell/Qt/6.8.3/gcc_64/lib/libQt6ExamplesAssetDownloader.prl
2026-05-27 00:57:08,698 - aqt.updater - INFO - updater 140487114689408 Patching /home/runner/work/game-shell/Qt/6.8.3/gcc_64/lib/libQt6QuickControls2FluentWinUI3StyleImpl.prl
2026-05-27 00:57:08,699 - aqt.updater - INFO - updater 140487114689408 Patching /home/runner/work/game-shell/Qt/6.8.3/gcc_64/lib/libQt6LabsAnimation.prl
2026-05-27 00:57:08,699 - aqt.updater - INFO - updater 140487114689408 Patching /home/runner/work/game-shell/Qt/6.8.3/gcc_64/lib/libQt6QuickTemplates2.prl
2026-05-27 00:57:08,699 - aqt.updater - INFO - updater 140487114689408 Patching /home/runner/work/game-shell/Qt/6.8.3/gcc_64/lib/libQt6QuickControls2Material.prl
2026-05-27 00:57:08,699 - aqt.updater - INFO - updater 140487114689408 Patching /home/runner/work/game-shell/Qt/6.8.3/gcc_64/lib/libQt6QuickDialogs2Utils.prl
2026-05-27 00:57:08,699 - aqt.updater - INFO - updater 140487114689408 Patching /home/runner/work/game-shell/Qt/6.8.3/gcc_64/lib/libQt6EglFsKmsGbmSupport.prl
2026-05-27 00:57:08,700 - aqt.updater - INFO - updater 140487114689408 Patching /home/runner/work/game-shell/Qt/6.8.3/gcc_64/lib/libQt6WlShellIntegration.prl
2026-05-27 00:57:08,700 - aqt.updater - INFO - updater 140487114689408 Patching /home/runner/work/game-shell/Qt/6.8.3/gcc_64/lib/libQt6Sql.prl
2026-05-27 00:57:08,700 - aqt.updater - INFO - updater 140487114689408 Patching /home/runner/work/game-shell/Qt/6.8.3/gcc_64/lib/libQt6QmlWorkerScript.prl
2026-05-27 00:57:08,700 - aqt.updater - INFO - updater 140487114689408 Patching /home/runner/work/game-shell/Qt/6.8.3/gcc_64/lib/libQt6QmlMeta.prl
2026-05-27 00:57:08,700 - aqt.updater - INFO - updater 140487114689408 Patching /home/runner/work/game-shell/Qt/6.8.3/gcc_64/lib/libQt6EglFSDeviceIntegration.prl
2026-05-27 00:57:08,701 - aqt.updater - INFO - updater 140487114689408 Patching /home/runner/work/game-shell/Qt/6.8.3/gcc_64/lib/libQt6QuickControls2Universal.prl
2026-05-27 00:57:08,701 - aqt.updater - INFO - updater 140487114689408 Patching /home/runner/work/game-shell/Qt/6.8.3/gcc_64/lib/libQt6EglFsKmsSupport.prl
2026-05-27 00:57:08,701 - aqt.updater - INFO - updater 140487114689408 Patching /home/runner/work/game-shell/Qt/6.8.3/gcc_64/lib/libQt6DeviceDiscoverySupport.prl
2026-05-27 00:57:08,701 - aqt.updater - INFO - updater 140487114689408 Patching /home/runner/work/game-shell/Qt/6.8.3/gcc_64/lib/libQt6XcbQpa.prl
2026-05-27 00:57:08,702 - aqt.updater - INFO - updater 140487114689408 Patching /home/runner/work/game-shell/Qt/6.8.3/gcc_64/lib/libQt6WaylandClient.prl
2026-05-27 00:57:08,702 - aqt.updater - INFO - updater 140487114689408 Patching /home/runner/work/game-shell/Qt/6.8.3/gcc_64/lib/libQt6PacketProtocol.prl
2026-05-27 00:57:08,702 - aqt.updater - INFO - updater 140487114689408 Patching /home/runner/work/game-shell/Qt/6.8.3/gcc_64/lib/libQt6QmlNetwork.prl
2026-05-27 00:57:08,702 - aqt.updater - INFO - updater 140487114689408 Patching /home/runner/work/game-shell/Qt/6.8.3/gcc_64/lib/libQt6QmlXmlListModel.prl
2026-05-27 00:57:08,703 - aqt.updater - INFO - updater 140487114689408 Patching /home/runner/work/game-shell/Qt/6.8.3/gcc_64/lib/libQt6Svg.prl
2026-05-27 00:57:08,703 - aqt.updater - INFO - updater 140487114689408 Patching /home/runner/work/game-shell/Qt/6.8.3/gcc_64/lib/libQt6LabsWavefrontMesh.prl
2026-05-27 00:57:08,703 - aqt.updater - INFO - updater 140487114689408 Patching /home/runner/work/game-shell/Qt/6.8.3/gcc_64/lib/libQt6Help.prl
2026-05-27 00:57:08,703 - aqt.updater - INFO - updater 140487114689408 Patching /home/runner/work/game-shell/Qt/6.8.3/gcc_64/lib/libQt6QmlToolingSettings.prl
2026-05-27 00:57:08,703 - aqt.updater - INFO - updater 140487114689408 Patching /home/runner/work/game-shell/Qt/6.8.3/gcc_64/lib/libQt6LabsFolderListModel.prl
2026-05-27 00:57:08,704 - aqt.updater - INFO - updater 140487114689408 Patching /home/runner/work/game-shell/Qt/6.8.3/gcc_64/lib/libQt6Test.prl
2026-05-27 00:57:08,704 - aqt.updater - INFO - updater 140487114689408 Patching /home/runner/work/game-shell/Qt/6.8.3/gcc_64/lib/libQt6LabsSettings.prl
2026-05-27 00:57:08,704 - aqt.updater - INFO - updater 140487114689408 Patching /home/runner/work/game-shell/Qt/6.8.3/gcc_64/lib/libQt6QmlCompiler.prl
2026-05-27 00:57:08,704 - aqt.updater - INFO - updater 140487114689408 Patching /home/runner/work/game-shell/Qt/6.8.3/gcc_64/lib/libQt6QuickControlsTestUtils.prl
2026-05-27 00:57:08,704 - aqt.updater - INFO - updater 140487114689408 Patching /home/runner/work/game-shell/Qt/6.8.3/gcc_64/lib/libQt6QuickControls2.prl
2026-05-27 00:57:08,705 - aqt.updater - INFO - updater 140487114689408 Patching /home/runner/work/game-shell/Qt/6.8.3/gcc_64/lib/libQt6Network.prl
2026-05-27 00:57:08,705 - aqt.updater - INFO - updater 140487114689408 Patching /home/runner/work/game-shell/Qt/6.8.3/gcc_64/lib/libQt6LabsSharedImage.prl
2026-05-27 00:57:08,705 - aqt.updater - INFO - updater 140487114689408 Patching /home/runner/work/game-shell/Qt/6.8.3/gcc_64/lib/libQt6Widgets.prl
2026-05-27 00:57:08,705 - aqt.updater - INFO - updater 140487114689408 Patching /home/runner/work/game-shell/Qt/6.8.3/gcc_64/lib/libQt6QmlLocalStorage.prl
2026-05-27 00:57:08,706 - aqt.updater - INFO - updater 140487114689408 Patching /home/runner/work/game-shell/Qt/6.8.3/gcc_64/lib/libQt6QmlCore.prl
2026-05-27 00:57:08,706 - aqt.updater - INFO - updater 140487114689408 Patching /home/runner/work/game-shell/Qt/6.8.3/gcc_64/lib/libQt6LabsPlatform.prl
2026-05-27 00:57:08,706 - aqt.main - INFO - installer 140487114689408 Finished installation
2026-05-27 00:57:08,706 - aqt.main - INFO - installer 140487114689408 Time elapsed: 16.58466471 second
